Analysis & Synthesis report for counter
Mon Nov 04 15:08:06 2019
Quartus Prime Version 18.1.0 Build 625 09/12/2018 SJ Lite Edition


---------------------
; Table of Contents ;
---------------------
  1. Legal Notice
  2. Analysis & Synthesis Summary
  3. Analysis & Synthesis Settings
  4. Parallel Compilation
  5. Analysis & Synthesis Source Files Read
  6. Analysis & Synthesis Resource Usage Summary
  7. Analysis & Synthesis Resource Utilization by Entity
  8. Registers Removed During Synthesis
  9. General Register Statistics
 10. Inverted Register Statistics
 11. Parameter Settings for User Entity Instance: debounce:debouncers[0].BTTNS
 12. Parameter Settings for User Entity Instance: debounce:debouncers[1].BTTNS
 13. Parameter Settings for User Entity Instance: debounce:debouncers[2].BTTNS
 14. Parameter Settings for User Entity Instance: debounce:debouncers[3].BTTNS
 15. Parameter Settings for User Entity Instance: debounce:debouncers[4].BTTNS
 16. Parameter Settings for User Entity Instance: debounce:debouncers[5].BTTNS
 17. Parameter Settings for User Entity Instance: debounce:debouncers[6].BTTNS
 18. Port Connectivity Checks: "debounce:debouncers[6].BTTNS"
 19. Port Connectivity Checks: "debounce:debouncers[5].BTTNS"
 20. Port Connectivity Checks: "debounce:debouncers[4].BTTNS"
 21. Port Connectivity Checks: "debounce:debouncers[3].BTTNS"
 22. Port Connectivity Checks: "debounce:debouncers[2].BTTNS"
 23. Port Connectivity Checks: "debounce:debouncers[1].BTTNS"
 24. Port Connectivity Checks: "debounce:debouncers[0].BTTNS"
 25. Post-Synthesis Netlist Statistics for Top Partition
 26. Elapsed Time Per Partition
 27. Analysis & Synthesis Messages
 28. Analysis & Synthesis Suppressed Messages



----------------
; Legal Notice ;
----------------
Copyright (C) 2018  Intel Corporation. All rights reserved.
Your use of Intel Corporation's design tools, logic functions 
and other software and tools, and its AMPP partner logic 
functions, and any output files from any of the foregoing 
(including device programming or simulation files), and any 
associated documentation or information are expressly subject 
to the terms and conditions of the Intel Program License 
Subscription Agreement, the Intel Quartus Prime License Agreement,
the Intel FPGA IP License Agreement, or other applicable license
agreement, including, without limitation, that your use is for
the sole purpose of programming logic devices manufactured by
Intel and sold by Intel or its authorized distributors.  Please
refer to the applicable agreement for further details.



+----------------------------------------------------------------------------------+
; Analysis & Synthesis Summary                                                     ;
+------------------------------------+---------------------------------------------+
; Analysis & Synthesis Status        ; Successful - Mon Nov 04 15:08:06 2019       ;
; Quartus Prime Version              ; 18.1.0 Build 625 09/12/2018 SJ Lite Edition ;
; Revision Name                      ; counter                                     ;
; Top-level Entity Name              ; counter                                     ;
; Family                             ; Cyclone IV E                                ;
; Total logic elements               ; 249                                         ;
;     Total combinational functions  ; 242                                         ;
;     Dedicated logic registers      ; 169                                         ;
; Total registers                    ; 169                                         ;
; Total pins                         ; 30                                          ;
; Total virtual pins                 ; 0                                           ;
; Total memory bits                  ; 0                                           ;
; Embedded Multiplier 9-bit elements ; 0                                           ;
; Total PLLs                         ; 0                                           ;
+------------------------------------+---------------------------------------------+


+------------------------------------------------------------------------------------------------------------+
; Analysis & Synthesis Settings                                                                              ;
+------------------------------------------------------------------+--------------------+--------------------+
; Option                                                           ; Setting            ; Default Value      ;
+------------------------------------------------------------------+--------------------+--------------------+
; Device                                                           ; EP4CE6E22C8        ;                    ;
; Top-level entity name                                            ; counter            ; counter            ;
; Family name                                                      ; Cyclone IV E       ; Cyclone V          ;
; Use smart compilation                                            ; Off                ; Off                ;
; Enable parallel Assembler and Timing Analyzer during compilation ; On                 ; On                 ;
; Enable compact report table                                      ; Off                ; Off                ;
; Restructure Multiplexers                                         ; Auto               ; Auto               ;
; Create Debugging Nodes for IP Cores                              ; Off                ; Off                ;
; Preserve fewer node names                                        ; On                 ; On                 ;
; Intel FPGA IP Evaluation Mode                                    ; Enable             ; Enable             ;
; Verilog Version                                                  ; Verilog_2001       ; Verilog_2001       ;
; VHDL Version                                                     ; VHDL_1993          ; VHDL_1993          ;
; State Machine Processing                                         ; Auto               ; Auto               ;
; Safe State Machine                                               ; Off                ; Off                ;
; Extract Verilog State Machines                                   ; On                 ; On                 ;
; Extract VHDL State Machines                                      ; On                 ; On                 ;
; Ignore Verilog initial constructs                                ; Off                ; Off                ;
; Iteration limit for constant Verilog loops                       ; 5000               ; 5000               ;
; Iteration limit for non-constant Verilog loops                   ; 250                ; 250                ;
; Add Pass-Through Logic to Inferred RAMs                          ; On                 ; On                 ;
; Infer RAMs from Raw Logic                                        ; On                 ; On                 ;
; Parallel Synthesis                                               ; On                 ; On                 ;
; DSP Block Balancing                                              ; Auto               ; Auto               ;
; NOT Gate Push-Back                                               ; On                 ; On                 ;
; Power-Up Don't Care                                              ; On                 ; On                 ;
; Remove Redundant Logic Cells                                     ; Off                ; Off                ;
; Remove Duplicate Registers                                       ; On                 ; On                 ;
; Ignore CARRY Buffers                                             ; Off                ; Off                ;
; Ignore CASCADE Buffers                                           ; Off                ; Off                ;
; Ignore GLOBAL Buffers                                            ; Off                ; Off                ;
; Ignore ROW GLOBAL Buffers                                        ; Off                ; Off                ;
; Ignore LCELL Buffers                                             ; Off                ; Off                ;
; Ignore SOFT Buffers                                              ; On                 ; On                 ;
; Limit AHDL Integers to 32 Bits                                   ; Off                ; Off                ;
; Optimization Technique                                           ; Balanced           ; Balanced           ;
; Carry Chain Length                                               ; 70                 ; 70                 ;
; Auto Carry Chains                                                ; On                 ; On                 ;
; Auto Open-Drain Pins                                             ; On                 ; On                 ;
; Perform WYSIWYG Primitive Resynthesis                            ; Off                ; Off                ;
; Auto ROM Replacement                                             ; On                 ; On                 ;
; Auto RAM Replacement                                             ; On                 ; On                 ;
; Auto DSP Block Replacement                                       ; On                 ; On                 ;
; Auto Shift Register Replacement                                  ; Auto               ; Auto               ;
; Allow Shift Register Merging across Hierarchies                  ; Auto               ; Auto               ;
; Auto Clock Enable Replacement                                    ; On                 ; On                 ;
; Strict RAM Replacement                                           ; Off                ; Off                ;
; Allow Synchronous Control Signals                                ; On                 ; On                 ;
; Force Use of Synchronous Clear Signals                           ; Off                ; Off                ;
; Auto RAM Block Balancing                                         ; On                 ; On                 ;
; Auto RAM to Logic Cell Conversion                                ; Off                ; Off                ;
; Auto Resource Sharing                                            ; Off                ; Off                ;
; Allow Any RAM Size For Recognition                               ; Off                ; Off                ;
; Allow Any ROM Size For Recognition                               ; Off                ; Off                ;
; Allow Any Shift Register Size For Recognition                    ; Off                ; Off                ;
; Use LogicLock Constraints during Resource Balancing              ; On                 ; On                 ;
; Ignore translate_off and synthesis_off directives                ; Off                ; Off                ;
; Timing-Driven Synthesis                                          ; On                 ; On                 ;
; Report Parameter Settings                                        ; On                 ; On                 ;
; Report Source Assignments                                        ; On                 ; On                 ;
; Report Connectivity Checks                                       ; On                 ; On                 ;
; Ignore Maximum Fan-Out Assignments                               ; Off                ; Off                ;
; Synchronization Register Chain Length                            ; 2                  ; 2                  ;
; Power Optimization During Synthesis                              ; Normal compilation ; Normal compilation ;
; HDL message level                                                ; Level2             ; Level2             ;
; Suppress Register Optimization Related Messages                  ; Off                ; Off                ;
; Number of Removed Registers Reported in Synthesis Report         ; 5000               ; 5000               ;
; Number of Swept Nodes Reported in Synthesis Report               ; 5000               ; 5000               ;
; Number of Inverted Registers Reported in Synthesis Report        ; 100                ; 100                ;
; Clock MUX Protection                                             ; On                 ; On                 ;
; Auto Gated Clock Conversion                                      ; Off                ; Off                ;
; Block Design Naming                                              ; Auto               ; Auto               ;
; SDC constraint protection                                        ; Off                ; Off                ;
; Synthesis Effort                                                 ; Auto               ; Auto               ;
; Shift Register Replacement - Allow Asynchronous Clear Signal     ; On                 ; On                 ;
; Pre-Mapping Resynthesis Optimization                             ; Off                ; Off                ;
; Analysis & Synthesis Message Level                               ; Medium             ; Medium             ;
; Disable Register Merging Across Hierarchies                      ; Auto               ; Auto               ;
; Resource Aware Inference For Block RAM                           ; On                 ; On                 ;
+------------------------------------------------------------------+--------------------+--------------------+


+------------------------------------------+
; Parallel Compilation                     ;
+----------------------------+-------------+
; Processors                 ; Number      ;
+----------------------------+-------------+
; Number detected on machine ; 8           ;
; Maximum allowed            ; 4           ;
;                            ;             ;
; Average used               ; 1.00        ;
; Maximum used               ; 4           ;
;                            ;             ;
; Usage by Processor         ; % Time Used ;
;     Processor 1            ; 100.0%      ;
;     Processor 2            ;   0.0%      ;
;     Processors 3-4         ;   0.0%      ;
+----------------------------+-------------+


+----------------------------------------------------------------------------------------------------------------------------------+
; Analysis & Synthesis Source Files Read                                                                                           ;
+----------------------------------+-----------------+------------------------+------------------------------------------+---------+
; File Name with User-Entered Path ; Used in Netlist ; File Type              ; File Name with Absolute Path             ; Library ;
+----------------------------------+-----------------+------------------------+------------------------------------------+---------+
; counter.v                        ; yes             ; User Verilog HDL File  ; C:/Users/bachv/dev/counter_IV/counter.v  ;         ;
; debounce.v                       ; yes             ; User Verilog HDL File  ; C:/Users/bachv/dev/counter_IV/debounce.v ;         ;
; dff.v                            ; yes             ; User Verilog HDL File  ; C:/Users/bachv/dev/counter_IV/dff.v      ;         ;
; clksel.v                         ; yes             ; User Verilog HDL File  ; C:/Users/bachv/dev/counter_IV/clksel.v   ;         ;
; gray.v                           ; yes             ; User Verilog HDL File  ; C:/Users/bachv/dev/counter_IV/gray.v     ;         ;
+----------------------------------+-----------------+------------------------+------------------------------------------+---------+


+----------------------------------------------------------+
; Analysis & Synthesis Resource Usage Summary              ;
+---------------------------------------------+------------+
; Resource                                    ; Usage      ;
+---------------------------------------------+------------+
; Estimated Total logic elements              ; 249        ;
;                                             ;            ;
; Total combinational functions               ; 242        ;
; Logic element usage by number of LUT inputs ;            ;
;     -- 4 input functions                    ; 60         ;
;     -- 3 input functions                    ; 16         ;
;     -- <=2 input functions                  ; 166        ;
;                                             ;            ;
; Logic elements by mode                      ;            ;
;     -- normal mode                          ; 107        ;
;     -- arithmetic mode                      ; 135        ;
;                                             ;            ;
; Total registers                             ; 169        ;
;     -- Dedicated logic registers            ; 169        ;
;     -- I/O registers                        ; 0          ;
;                                             ;            ;
; I/O pins                                    ; 30         ;
;                                             ;            ;
; Embedded Multiplier 9-bit elements          ; 0          ;
;                                             ;            ;
; Maximum fan-out node                        ; clk_div[4] ;
; Maximum fan-out                             ; 134        ;
; Total fan-out                               ; 1114       ;
; Average fan-out                             ; 2.37       ;
+---------------------------------------------+------------+


+--------------------------------------------------------------------------------------------------------------------------------------------------------------------------------------------------------------------------------------------------+
; Analysis & Synthesis Resource Utilization by Entity                                                                                                                                                                                              ;
+-----------------------------------+---------------------+---------------------------+-------------+--------------+---------+-----------+------+--------------+-----------------------------------------------------+--------------+--------------+
; Compilation Hierarchy Node        ; Combinational ALUTs ; Dedicated Logic Registers ; Memory Bits ; DSP Elements ; DSP 9x9 ; DSP 18x18 ; Pins ; Virtual Pins ; Full Hierarchy Name                                 ; Entity Name  ; Library Name ;
+-----------------------------------+---------------------+---------------------------+-------------+--------------+---------+-----------+------+--------------+-----------------------------------------------------+--------------+--------------+
; |counter                          ; 242 (63)            ; 169 (35)                  ; 0           ; 0            ; 0       ; 0         ; 30   ; 0            ; |counter                                            ; counter      ; work         ;
;    |clksel:selector|              ; 2 (2)               ; 1 (1)                     ; 0           ; 0            ; 0       ; 0         ; 0    ; 0            ; |counter|clksel:selector                            ; clksel       ; work         ;
;    |debounce:debouncers[0].BTTNS| ; 24 (23)             ; 19 (17)                   ; 0           ; 0            ; 0       ; 0         ; 0    ; 0            ; |counter|debounce:debouncers[0].BTTNS               ; debounce     ; work         ;
;       |_dff:dff1|                 ; 1 (1)               ; 1 (1)                     ; 0           ; 0            ; 0       ; 0         ; 0    ; 0            ; |counter|debounce:debouncers[0].BTTNS|_dff:dff1     ; _dff         ; work         ;
;       |_dffdash:dff0|             ; 0 (0)               ; 1 (1)                     ; 0           ; 0            ; 0       ; 0         ; 0    ; 0            ; |counter|debounce:debouncers[0].BTTNS|_dffdash:dff0 ; _dffdash     ; work         ;
;    |debounce:debouncers[1].BTTNS| ; 24 (23)             ; 19 (17)                   ; 0           ; 0            ; 0       ; 0         ; 0    ; 0            ; |counter|debounce:debouncers[1].BTTNS               ; debounce     ; work         ;
;       |_dff:dff1|                 ; 1 (1)               ; 1 (1)                     ; 0           ; 0            ; 0       ; 0         ; 0    ; 0            ; |counter|debounce:debouncers[1].BTTNS|_dff:dff1     ; _dff         ; work         ;
;       |_dffdash:dff0|             ; 0 (0)               ; 1 (1)                     ; 0           ; 0            ; 0       ; 0         ; 0    ; 0            ; |counter|debounce:debouncers[1].BTTNS|_dffdash:dff0 ; _dffdash     ; work         ;
;    |debounce:debouncers[2].BTTNS| ; 24 (23)             ; 19 (17)                   ; 0           ; 0            ; 0       ; 0         ; 0    ; 0            ; |counter|debounce:debouncers[2].BTTNS               ; debounce     ; work         ;
;       |_dff:dff1|                 ; 1 (1)               ; 1 (1)                     ; 0           ; 0            ; 0       ; 0         ; 0    ; 0            ; |counter|debounce:debouncers[2].BTTNS|_dff:dff1     ; _dff         ; work         ;
;       |_dffdash:dff0|             ; 0 (0)               ; 1 (1)                     ; 0           ; 0            ; 0       ; 0         ; 0    ; 0            ; |counter|debounce:debouncers[2].BTTNS|_dffdash:dff0 ; _dffdash     ; work         ;
;    |debounce:debouncers[3].BTTNS| ; 24 (23)             ; 19 (17)                   ; 0           ; 0            ; 0       ; 0         ; 0    ; 0            ; |counter|debounce:debouncers[3].BTTNS               ; debounce     ; work         ;
;       |_dff:dff1|                 ; 1 (1)               ; 1 (1)                     ; 0           ; 0            ; 0       ; 0         ; 0    ; 0            ; |counter|debounce:debouncers[3].BTTNS|_dff:dff1     ; _dff         ; work         ;
;       |_dffdash:dff0|             ; 0 (0)               ; 1 (1)                     ; 0           ; 0            ; 0       ; 0         ; 0    ; 0            ; |counter|debounce:debouncers[3].BTTNS|_dffdash:dff0 ; _dffdash     ; work         ;
;    |debounce:debouncers[4].BTTNS| ; 24 (23)             ; 19 (17)                   ; 0           ; 0            ; 0       ; 0         ; 0    ; 0            ; |counter|debounce:debouncers[4].BTTNS               ; debounce     ; work         ;
;       |_dff:dff1|                 ; 1 (1)               ; 1 (1)                     ; 0           ; 0            ; 0       ; 0         ; 0    ; 0            ; |counter|debounce:debouncers[4].BTTNS|_dff:dff1     ; _dff         ; work         ;
;       |_dffdash:dff0|             ; 0 (0)               ; 1 (1)                     ; 0           ; 0            ; 0       ; 0         ; 0    ; 0            ; |counter|debounce:debouncers[4].BTTNS|_dffdash:dff0 ; _dffdash     ; work         ;
;    |debounce:debouncers[5].BTTNS| ; 24 (23)             ; 19 (17)                   ; 0           ; 0            ; 0       ; 0         ; 0    ; 0            ; |counter|debounce:debouncers[5].BTTNS               ; debounce     ; work         ;
;       |_dff:dff1|                 ; 1 (1)               ; 1 (1)                     ; 0           ; 0            ; 0       ; 0         ; 0    ; 0            ; |counter|debounce:debouncers[5].BTTNS|_dff:dff1     ; _dff         ; work         ;
;       |_dffdash:dff0|             ; 0 (0)               ; 1 (1)                     ; 0           ; 0            ; 0       ; 0         ; 0    ; 0            ; |counter|debounce:debouncers[5].BTTNS|_dffdash:dff0 ; _dffdash     ; work         ;
;    |debounce:debouncers[6].BTTNS| ; 24 (23)             ; 19 (17)                   ; 0           ; 0            ; 0       ; 0         ; 0    ; 0            ; |counter|debounce:debouncers[6].BTTNS               ; debounce     ; work         ;
;       |_dff:dff1|                 ; 1 (1)               ; 1 (1)                     ; 0           ; 0            ; 0       ; 0         ; 0    ; 0            ; |counter|debounce:debouncers[6].BTTNS|_dff:dff1     ; _dff         ; work         ;
;       |_dffdash:dff0|             ; 0 (0)               ; 1 (1)                     ; 0           ; 0            ; 0       ; 0         ; 0    ; 0            ; |counter|debounce:debouncers[6].BTTNS|_dffdash:dff0 ; _dffdash     ; work         ;
;    |gray_encoder:encode|          ; 9 (9)               ; 0 (0)                     ; 0           ; 0            ; 0       ; 0         ; 0    ; 0            ; |counter|gray_encoder:encode                        ; gray_encoder ; work         ;
+-----------------------------------+---------------------+---------------------------+-------------+--------------+---------+-----------+------+--------------+-----------------------------------------------------+--------------+--------------+
Note: For table entries with two numbers listed, the numbers in parentheses indicate the number of resources of the given type used by the specific entity alone. The numbers listed outside of parentheses indicate the total resources of the given type used by the specific entity and all of its sub-entities in the hierarchy.


+------------------------------------------------------------+
; Registers Removed During Synthesis                         ;
+---------------------------------------+--------------------+
; Register name                         ; Reason for Removal ;
+---------------------------------------+--------------------+
; clk_div[23..31]                       ; Lost fanout        ;
; Total Number of Removed Registers = 9 ;                    ;
+---------------------------------------+--------------------+


+------------------------------------------------------+
; General Register Statistics                          ;
+----------------------------------------------+-------+
; Statistic                                    ; Value ;
+----------------------------------------------+-------+
; Total registers                              ; 169   ;
; Number of registers using Synchronous Clear  ; 112   ;
; Number of registers using Synchronous Load   ; 0     ;
; Number of registers using Asynchronous Clear ; 10    ;
; Number of registers using Asynchronous Load  ; 0     ;
; Number of registers using Clock Enable       ; 0     ;
; Number of registers using Preset             ; 0     ;
+----------------------------------------------+-------+


+--------------------------------------------------+
; Inverted Register Statistics                     ;
+----------------------------------------+---------+
; Inverted Register                      ; Fan out ;
+----------------------------------------+---------+
; clksel:selector|Q                      ; 2       ;
; Total number of inverted registers = 1 ;         ;
+----------------------------------------+---------+


+---------------------------------------------------------------------------+
; Parameter Settings for User Entity Instance: debounce:debouncers[0].BTTNS ;
+----------------+-------+--------------------------------------------------+
; Parameter Name ; Value ; Type                                             ;
+----------------+-------+--------------------------------------------------+
; DELAY          ; 16    ; Signed Integer                                   ;
+----------------+-------+--------------------------------------------------+
Note: In order to hide this table in the UI and the text report file, please set the "Show Parameter Settings in Synthesis Report" option in "Analysis and Synthesis Settings -> More Settings" to "Off".


+---------------------------------------------------------------------------+
; Parameter Settings for User Entity Instance: debounce:debouncers[1].BTTNS ;
+----------------+-------+--------------------------------------------------+
; Parameter Name ; Value ; Type                                             ;
+----------------+-------+--------------------------------------------------+
; DELAY          ; 16    ; Signed Integer                                   ;
+----------------+-------+--------------------------------------------------+
Note: In order to hide this table in the UI and the text report file, please set the "Show Parameter Settings in Synthesis Report" option in "Analysis and Synthesis Settings -> More Settings" to "Off".


+---------------------------------------------------------------------------+
; Parameter Settings for User Entity Instance: debounce:debouncers[2].BTTNS ;
+----------------+-------+--------------------------------------------------+
; Parameter Name ; Value ; Type                                             ;
+----------------+-------+--------------------------------------------------+
; DELAY          ; 16    ; Signed Integer                                   ;
+----------------+-------+--------------------------------------------------+
Note: In order to hide this table in the UI and the text report file, please set the "Show Parameter Settings in Synthesis Report" option in "Analysis and Synthesis Settings -> More Settings" to "Off".


+---------------------------------------------------------------------------+
; Parameter Settings for User Entity Instance: debounce:debouncers[3].BTTNS ;
+----------------+-------+--------------------------------------------------+
; Parameter Name ; Value ; Type                                             ;
+----------------+-------+--------------------------------------------------+
; DELAY          ; 16    ; Signed Integer                                   ;
+----------------+-------+--------------------------------------------------+
Note: In order to hide this table in the UI and the text report file, please set the "Show Parameter Settings in Synthesis Report" option in "Analysis and Synthesis Settings -> More Settings" to "Off".


+---------------------------------------------------------------------------+
; Parameter Settings for User Entity Instance: debounce:debouncers[4].BTTNS ;
+----------------+-------+--------------------------------------------------+
; Parameter Name ; Value ; Type                                             ;
+----------------+-------+--------------------------------------------------+
; DELAY          ; 16    ; Signed Integer                                   ;
+----------------+-------+--------------------------------------------------+
Note: In order to hide this table in the UI and the text report file, please set the "Show Parameter Settings in Synthesis Report" option in "Analysis and Synthesis Settings -> More Settings" to "Off".


+---------------------------------------------------------------------------+
; Parameter Settings for User Entity Instance: debounce:debouncers[5].BTTNS ;
+----------------+-------+--------------------------------------------------+
; Parameter Name ; Value ; Type                                             ;
+----------------+-------+--------------------------------------------------+
; DELAY          ; 16    ; Signed Integer                                   ;
+----------------+-------+--------------------------------------------------+
Note: In order to hide this table in the UI and the text report file, please set the "Show Parameter Settings in Synthesis Report" option in "Analysis and Synthesis Settings -> More Settings" to "Off".


+---------------------------------------------------------------------------+
; Parameter Settings for User Entity Instance: debounce:debouncers[6].BTTNS ;
+----------------+-------+--------------------------------------------------+
; Parameter Name ; Value ; Type                                             ;
+----------------+-------+--------------------------------------------------+
; DELAY          ; 16    ; Signed Integer                                   ;
+----------------+-------+--------------------------------------------------+
Note: In order to hide this table in the UI and the text report file, please set the "Show Parameter Settings in Synthesis Report" option in "Analysis and Synthesis Settings -> More Settings" to "Off".


+-------------------------------------------------------------------------------------------------------------------+
; Port Connectivity Checks: "debounce:debouncers[6].BTTNS"                                                          ;
+---------+--------+----------+-------------------------------------------------------------------------------------+
; Port    ; Type   ; Severity ; Details                                                                             ;
+---------+--------+----------+-------------------------------------------------------------------------------------+
; PB_down ; Output ; Info     ; Connected to dangling logic. Logic that only feeds a dangling port will be removed. ;
; PB_up   ; Output ; Info     ; Connected to dangling logic. Logic that only feeds a dangling port will be removed. ;
+---------+--------+----------+-------------------------------------------------------------------------------------+


+-------------------------------------------------------------------------------------------------------------------+
; Port Connectivity Checks: "debounce:debouncers[5].BTTNS"                                                          ;
+---------+--------+----------+-------------------------------------------------------------------------------------+
; Port    ; Type   ; Severity ; Details                                                                             ;
+---------+--------+----------+-------------------------------------------------------------------------------------+
; PB_down ; Output ; Info     ; Connected to dangling logic. Logic that only feeds a dangling port will be removed. ;
; PB_up   ; Output ; Info     ; Connected to dangling logic. Logic that only feeds a dangling port will be removed. ;
+---------+--------+----------+-------------------------------------------------------------------------------------+


+-------------------------------------------------------------------------------------------------------------------+
; Port Connectivity Checks: "debounce:debouncers[4].BTTNS"                                                          ;
+---------+--------+----------+-------------------------------------------------------------------------------------+
; Port    ; Type   ; Severity ; Details                                                                             ;
+---------+--------+----------+-------------------------------------------------------------------------------------+
; PB_down ; Output ; Info     ; Connected to dangling logic. Logic that only feeds a dangling port will be removed. ;
; PB_up   ; Output ; Info     ; Connected to dangling logic. Logic that only feeds a dangling port will be removed. ;
+---------+--------+----------+-------------------------------------------------------------------------------------+


+-------------------------------------------------------------------------------------------------------------------+
; Port Connectivity Checks: "debounce:debouncers[3].BTTNS"                                                          ;
+---------+--------+----------+-------------------------------------------------------------------------------------+
; Port    ; Type   ; Severity ; Details                                                                             ;
+---------+--------+----------+-------------------------------------------------------------------------------------+
; PB_down ; Output ; Info     ; Connected to dangling logic. Logic that only feeds a dangling port will be removed. ;
; PB_up   ; Output ; Info     ; Connected to dangling logic. Logic that only feeds a dangling port will be removed. ;
+---------+--------+----------+-------------------------------------------------------------------------------------+


+-------------------------------------------------------------------------------------------------------------------+
; Port Connectivity Checks: "debounce:debouncers[2].BTTNS"                                                          ;
+---------+--------+----------+-------------------------------------------------------------------------------------+
; Port    ; Type   ; Severity ; Details                                                                             ;
+---------+--------+----------+-------------------------------------------------------------------------------------+
; PB_down ; Output ; Info     ; Connected to dangling logic. Logic that only feeds a dangling port will be removed. ;
; PB_up   ; Output ; Info     ; Connected to dangling logic. Logic that only feeds a dangling port will be removed. ;
+---------+--------+----------+-------------------------------------------------------------------------------------+


+-------------------------------------------------------------------------------------------------------------------+
; Port Connectivity Checks: "debounce:debouncers[1].BTTNS"                                                          ;
+---------+--------+----------+-------------------------------------------------------------------------------------+
; Port    ; Type   ; Severity ; Details                                                                             ;
+---------+--------+----------+-------------------------------------------------------------------------------------+
; PB_down ; Output ; Info     ; Connected to dangling logic. Logic that only feeds a dangling port will be removed. ;
; PB_up   ; Output ; Info     ; Connected to dangling logic. Logic that only feeds a dangling port will be removed. ;
+---------+--------+----------+-------------------------------------------------------------------------------------+


+-------------------------------------------------------------------------------------------------------------------+
; Port Connectivity Checks: "debounce:debouncers[0].BTTNS"                                                          ;
+---------+--------+----------+-------------------------------------------------------------------------------------+
; Port    ; Type   ; Severity ; Details                                                                             ;
+---------+--------+----------+-------------------------------------------------------------------------------------+
; PB_down ; Output ; Info     ; Connected to dangling logic. Logic that only feeds a dangling port will be removed. ;
; PB_up   ; Output ; Info     ; Connected to dangling logic. Logic that only feeds a dangling port will be removed. ;
+---------+--------+----------+-------------------------------------------------------------------------------------+


+-----------------------------------------------------+
; Post-Synthesis Netlist Statistics for Top Partition ;
+-----------------------+-----------------------------+
; Type                  ; Count                       ;
+-----------------------+-----------------------------+
; boundary_port         ; 30                          ;
; cycloneiii_ff         ; 169                         ;
;     CLR               ; 10                          ;
;     SCLR              ; 112                         ;
;     plain             ; 47                          ;
; cycloneiii_lcell_comb ; 244                         ;
;     arith             ; 135                         ;
;         2 data inputs ; 126                         ;
;         3 data inputs ; 9                           ;
;     normal            ; 109                         ;
;         1 data inputs ; 20                          ;
;         2 data inputs ; 22                          ;
;         3 data inputs ; 7                           ;
;         4 data inputs ; 60                          ;
;                       ;                             ;
; Max LUT depth         ; 4.90                        ;
; Average LUT depth     ; 2.52                        ;
+-----------------------+-----------------------------+


+-------------------------------+
; Elapsed Time Per Partition    ;
+----------------+--------------+
; Partition Name ; Elapsed Time ;
+----------------+--------------+
; Top            ; 00:00:00     ;
+----------------+--------------+


+-------------------------------+
; Analysis & Synthesis Messages ;
+-------------------------------+
Info: *******************************************************************
Info: Running Quartus Prime Analysis & Synthesis
    Info: Version 18.1.0 Build 625 09/12/2018 SJ Lite Edition
    Info: Processing started: Mon Nov 04 15:07:49 2019
Info: Command: quartus_map --read_settings_files=on --write_settings_files=off counter -c counter
Warning (18236): Number of processors has not been specified which may cause overloading on shared machines.  Set the global assignment NUM_PARALLEL_PROCESSORS in your QSF to an appropriate value for best performance.
Info (20030): Parallel compilation is enabled and will use 4 of the 4 processors detected
Info (12021): Found 1 design units, including 1 entities, in source file counter.v
    Info (12023): Found entity 1: counter File: C:/Users/bachv/dev/counter_IV/counter.v Line: 1
Info (12021): Found 1 design units, including 1 entities, in source file debounce.v
    Info (12023): Found entity 1: debounce File: C:/Users/bachv/dev/counter_IV/debounce.v Line: 1
Info (12021): Found 3 design units, including 3 entities, in source file dff.v
    Info (12023): Found entity 1: _dff File: C:/Users/bachv/dev/counter_IV/dff.v Line: 1
    Info (12023): Found entity 2: _dffdash File: C:/Users/bachv/dev/counter_IV/dff.v Line: 16
    Info (12023): Found entity 3: _dff2 File: C:/Users/bachv/dev/counter_IV/dff.v Line: 31
Info (12021): Found 1 design units, including 1 entities, in source file clksel.v
    Info (12023): Found entity 1: clksel File: C:/Users/bachv/dev/counter_IV/clksel.v Line: 1
Info (12021): Found 1 design units, including 1 entities, in source file gray.v
    Info (12023): Found entity 1: gray_encoder File: C:/Users/bachv/dev/counter_IV/gray.v Line: 1
Warning (10236): Verilog HDL Implicit Net warning at counter.v(35): created implicit net for "RST" File: C:/Users/bachv/dev/counter_IV/counter.v Line: 35
Warning (10236): Verilog HDL Implicit Net warning at counter.v(36): created implicit net for "pattern_2AA" File: C:/Users/bachv/dev/counter_IV/counter.v Line: 36
Warning (10236): Verilog HDL Implicit Net warning at counter.v(37): created implicit net for "pattern_155" File: C:/Users/bachv/dev/counter_IV/counter.v Line: 37
Warning (10236): Verilog HDL Implicit Net warning at counter.v(38): created implicit net for "shr_1" File: C:/Users/bachv/dev/counter_IV/counter.v Line: 38
Warning (10236): Verilog HDL Implicit Net warning at counter.v(39): created implicit net for "sub_1" File: C:/Users/bachv/dev/counter_IV/counter.v Line: 39
Info (12127): Elaborating entity "counter" for the top level hierarchy
Info (12128): Elaborating entity "gray_encoder" for hierarchy "gray_encoder:encode" File: C:/Users/bachv/dev/counter_IV/counter.v Line: 25
Info (12128): Elaborating entity "debounce" for hierarchy "debounce:debouncers[0].BTTNS" File: C:/Users/bachv/dev/counter_IV/counter.v Line: 45
Warning (10230): Verilog HDL assignment warning at debounce.v(35): truncated value with size 32 to match size of target (16) File: C:/Users/bachv/dev/counter_IV/debounce.v Line: 35
Info (12128): Elaborating entity "_dffdash" for hierarchy "debounce:debouncers[0].BTTNS|_dffdash:dff0" File: C:/Users/bachv/dev/counter_IV/debounce.v Line: 24
Info (12128): Elaborating entity "_dff" for hierarchy "debounce:debouncers[0].BTTNS|_dff:dff1" File: C:/Users/bachv/dev/counter_IV/debounce.v Line: 30
Info (12128): Elaborating entity "clksel" for hierarchy "clksel:selector" File: C:/Users/bachv/dev/counter_IV/counter.v Line: 53
Warning (19016): Clock multiplexers are found and protected
    Warning (19017): Found clock multiplexer clksel:selector|OUTCLK~0 File: C:/Users/bachv/dev/counter_IV/clksel.v Line: 4
Warning (13004): Presettable and clearable registers converted to equivalent circuits with latches. Registers power-up to an undefined state, and DEVCLRn places the registers in an undefined state.
    Warning (13310): Register "led_cnt[0]" is converted into an equivalent circuit using register "led_cnt[0]~_emulated" and latch "led_cnt[0]~1" File: C:/Users/bachv/dev/counter_IV/counter.v Line: 71
    Warning (13310): Register "led_cnt[1]" is converted into an equivalent circuit using register "led_cnt[1]~_emulated" and latch "led_cnt[1]~5" File: C:/Users/bachv/dev/counter_IV/counter.v Line: 71
    Warning (13310): Register "led_cnt[2]" is converted into an equivalent circuit using register "led_cnt[2]~_emulated" and latch "led_cnt[0]~1" File: C:/Users/bachv/dev/counter_IV/counter.v Line: 71
    Warning (13310): Register "led_cnt[3]" is converted into an equivalent circuit using register "led_cnt[3]~_emulated" and latch "led_cnt[1]~5" File: C:/Users/bachv/dev/counter_IV/counter.v Line: 71
    Warning (13310): Register "led_cnt[4]" is converted into an equivalent circuit using register "led_cnt[4]~_emulated" and latch "led_cnt[0]~1" File: C:/Users/bachv/dev/counter_IV/counter.v Line: 71
    Warning (13310): Register "led_cnt[5]" is converted into an equivalent circuit using register "led_cnt[5]~_emulated" and latch "led_cnt[1]~5" File: C:/Users/bachv/dev/counter_IV/counter.v Line: 71
    Warning (13310): Register "led_cnt[6]" is converted into an equivalent circuit using register "led_cnt[6]~_emulated" and latch "led_cnt[0]~1" File: C:/Users/bachv/dev/counter_IV/counter.v Line: 71
    Warning (13310): Register "led_cnt[7]" is converted into an equivalent circuit using register "led_cnt[7]~_emulated" and latch "led_cnt[1]~5" File: C:/Users/bachv/dev/counter_IV/counter.v Line: 71
    Warning (13310): Register "led_cnt[8]" is converted into an equivalent circuit using register "led_cnt[8]~_emulated" and latch "led_cnt[0]~1" File: C:/Users/bachv/dev/counter_IV/counter.v Line: 71
    Warning (13310): Register "led_cnt[9]" is converted into an equivalent circuit using register "led_cnt[9]~_emulated" and latch "led_cnt[1]~5" File: C:/Users/bachv/dev/counter_IV/counter.v Line: 71
Info (286030): Timing-Driven Synthesis is running
Info (17049): 9 registers lost all their fanouts during netlist optimizations.
Info (144001): Generated suppressed messages file C:/Users/bachv/dev/counter_IV/output_files/counter.map.smsg
Info (16010): Generating hard_block partition "hard_block:auto_generated_inst"
    Info (16011): Adding 0 node(s), including 0 DDIO, 0 PLL, 0 transceiver and 0 LCELL
Info (21057): Implemented 279 device resources after synthesis - the final resource count might be different
    Info (21058): Implemented 8 input pins
    Info (21059): Implemented 22 output pins
    Info (21061): Implemented 249 logic cells
Info: Quartus Prime Analysis & Synthesis was successful. 0 errors, 20 warnings
    Info: Peak virtual memory: 4779 megabytes
    Info: Processing ended: Mon Nov 04 15:08:06 2019
    Info: Elapsed time: 00:00:17
    Info: Total CPU time (on all processors): 00:00:34


+------------------------------------------+
; Analysis & Synthesis Suppressed Messages ;
+------------------------------------------+
The suppressed messages can be found in C:/Users/bachv/dev/counter_IV/output_files/counter.map.smsg.


