Design Assistant report for counter
Mon Nov 04 15:03:42 2019
Quartus Prime Version 18.1.0 Build 625 09/12/2018 SJ Lite Edition


---------------------
; Table of Contents ;
---------------------
  1. Legal Notice
  2. Design Assistant Summary
  3. Design Assistant Settings
  4. Critical Violations
  5. High Violations
  6. Medium Violations
  7. Information only Violations
  8. Design Assistant Messages



----------------
; Legal Notice ;
----------------
Copyright (C) 2018  Intel Corporation. All rights reserved.
Your use of Intel Corporation's design tools, logic functions 
and other software and tools, and its AMPP partner logic 
functions, and any output files from any of the foregoing 
(including device programming or simulation files), and any 
associated documentation or information are expressly subject 
to the terms and conditions of the Intel Program License 
Subscription Agreement, the Intel Quartus Prime License Agreement,
the Intel FPGA IP License Agreement, or other applicable license
agreement, including, without limitation, that your use is for
the sole purpose of programming logic devices manufactured by
Intel and sold by Intel or its authorized distributors.  Please
refer to the applicable agreement for further details.



+-------------------------------------------------------------------------+
; Design Assistant Summary                                                ;
+-----------------------------------+-------------------------------------+
; Design Assistant Status           ; Analyzed - Mon Nov 04 15:03:42 2019 ;
; Revision Name                     ; counter                             ;
; Top-level Entity Name             ; counter                             ;
; Family                            ; Cyclone IV E                        ;
; Total Critical Violations         ; 1                                   ;
; - Rule C101                       ; 1                                   ;
; Total High Violations             ; 9                                   ;
; - Rule A108                       ; 2                                   ;
; - Rule R101                       ; 2                                   ;
; - Rule D101                       ; 5                                   ;
; Total Medium Violations           ; 5                                   ;
; - Rule A104                       ; 1                                   ;
; - Rule C103                       ; 1                                   ;
; - Rule C104                       ; 3                                   ;
; Total Information only Violations ; 51                                  ;
; - Rule T101                       ; 1                                   ;
; - Rule T102                       ; 50                                  ;
+-----------------------------------+-------------------------------------+


+------------------------------------------------------------------------------------------------------------------------------------------------------------------------------------------+
; Design Assistant Settings                                                                                                                                                                ;
+----------------------------------------------------------------------------------------------------------------------------------------------------------------------+--------------+----+
; Option                                                                                                                                                               ; Setting      ; To ;
+----------------------------------------------------------------------------------------------------------------------------------------------------------------------+--------------+----+
; Design Assistant mode                                                                                                                                                ; Post-Fitting ;    ;
; Threshold value for clock net not mapped to clock spines rule                                                                                                        ; 25           ;    ;
; Minimum number of clock port feed by gated clocks                                                                                                                    ; 30           ;    ;
; Minimum number of node fan-out                                                                                                                                       ; 30           ;    ;
; Maximum number of nodes to report                                                                                                                                    ; 50           ;    ;
; Rule C101: Gated clock should be implemented according to the Intel FPGA standard scheme                                                                             ; On           ;    ;
; Rule C102: Logic cell should not be used to generate an inverted clock signal                                                                                        ; On           ;    ;
; Rule C103: Gated clock does not feed at least a pre-defined number of clock ports to effectively save power                                                          ; On           ;    ;
; Rule C104: Clock signal source should drive only clock input ports                                                                                                   ; On           ;    ;
; Rule C105: Clock signal should be a global signal                                                                                                                    ; On           ;    ;
; Rule C106: Clock signal source should not drive registers triggered by different clock edges                                                                         ; On           ;    ;
; Rule R101: Combinational logic used as a reset signal should be synchronized                                                                                         ; On           ;    ;
; Rule R102: External reset signals should be synchronized using two cascaded registers                                                                                ; On           ;    ;
; Rule R103: External reset signal should be correctly synchronized                                                                                                    ; On           ;    ;
; Rule R104: The reset signal that is generated in one clock domain and used in another clock domain should be correctly synchronized                                  ; On           ;    ;
; Rule R105: The reset signal that is generated in one clock domain and used in another clock domain should be synchronized                                            ; On           ;    ;
; Rule T101: Nodes with more than the specified number of fan-outs                                                                                                     ; On           ;    ;
; Rule T102: Top nodes with the highest number of fan-outs                                                                                                             ; On           ;    ;
; Rule A101: Design should not contain combinational loops                                                                                                             ; On           ;    ;
; Rule A102: Register output should not drive its own control signal directly or through combinational logic                                                           ; On           ;    ;
; Rule A103: Design should not contain delay chains                                                                                                                    ; On           ;    ;
; Rule A104: Design should not contain ripple clock structures                                                                                                         ; On           ;    ;
; Rule A105: Pulses should not be implemented asynchronously                                                                                                           ; On           ;    ;
; Rule A106: Multiple pulses should not be generated in design                                                                                                         ; On           ;    ;
; Rule A107: Design should not contain SR latches                                                                                                                      ; On           ;    ;
; Rule A108: Design should not contain latches                                                                                                                         ; On           ;    ;
; Rule S101: Output enable and input of the same tri-state node should not be driven by same signal source                                                             ; On           ;    ;
; Rule S102: Synchronous port and asynchronous port of the same register should not be driven by the same signal source                                                ; On           ;    ;
; Rule S103: More than one asynchronous port of a register should not be driven by the same signal source                                                              ; On           ;    ;
; Rule S104: Clock port and any other port of a register should not be driven by the same signal source                                                                ; On           ;    ;
; Rule D101: Data bits are not synchronized when transferred between asynchronous clock domains                                                                        ; On           ;    ;
; Rule D102: Multiple data bits that are transferred across asynchronous clock domains are synchronized, but not all bits may be aligned in the receiving clock domain ; On           ;    ;
; Rule D103: Data bits are not correctly synchronized when transferred between asynchronous clock domains                                                              ; On           ;    ;
+----------------------------------------------------------------------------------------------------------------------------------------------------------------------+--------------+----+


+-------------------------------------------------------------------------------------------------------------------+
; Critical Violations                                                                                               ;
+------------------------------------------------------------------------------------------+------------------------+
; Rule name                                                                                ; Name                   ;
+------------------------------------------------------------------------------------------+------------------------+
; Rule C101: Gated clock should be implemented according to the Intel FPGA standard scheme ; clksel:selector|OUTCLK ;
;  Gated clock destination node(s) list                                                    ; led_cnt[0]~_emulated   ;
;  Gated clock destination node(s) list                                                    ; led_cnt[1]~_emulated   ;
;  Gated clock destination node(s) list                                                    ; led_cnt[2]~_emulated   ;
;  Gated clock destination node(s) list                                                    ; led_cnt[3]~_emulated   ;
;  Gated clock destination node(s) list                                                    ; led_cnt[4]~_emulated   ;
;  Gated clock destination node(s) list                                                    ; led_cnt[5]~_emulated   ;
;  Gated clock destination node(s) list                                                    ; led_cnt[6]~_emulated   ;
;  Gated clock destination node(s) list                                                    ; led_cnt[7]~_emulated   ;
;  Gated clock destination node(s) list                                                    ; led_cnt[8]~_emulated   ;
;  Gated clock destination node(s) list                                                    ; led_cnt[9]~_emulated   ;
+------------------------------------------------------------------------------------------+------------------------+


+------------------------------------------------------------------------------------------------------------------------------------------------------+
; High Violations                                                                                                                                      ;
+-------------------------------------------------------------------------------------------------------------+----------------------------------------+
; Rule name                                                                                                   ; Name                                   ;
+-------------------------------------------------------------------------------------------------------------+----------------------------------------+
; Rule A108: Design should not contain latches - Latch 1                                                      ;                                        ;
;  Latch 1                                                                                                    ; led_cnt[1]~5                           ;
; Rule A108: Design should not contain latches - Latch 2                                                      ;                                        ;
;  Latch 2                                                                                                    ; led_cnt[0]~1                           ;
; Rule R101: Combinational logic used as a reset signal should be synchronized                                ; led_cnt[0]~0                           ;
;  Reset signal destination node(s) list                                                                      ; led_cnt[8]~_emulated                   ;
; Rule R101: Combinational logic used as a reset signal should be synchronized                                ; led_cnt[1]~4                           ;
;  Reset signal destination node(s) list                                                                      ; led_cnt[9]~_emulated                   ;
; Rule D101: Data bits are not synchronized when transferred between asynchronous clock domains - Structure 1 ;                                        ;
;  Source node(s) from clock "clk_div[4]"                                                                     ; debounce:debouncers[4].BTTNS|rPB_state ;
;  Destination node(s) from clock "clk_div[22]"                                                               ; led_cnt[9]~_emulated                   ;
;  Destination node(s) from clock "clk_div[22]"                                                               ; led_cnt[8]~_emulated                   ;
;  Destination node(s) from clock "clk_div[22]"                                                               ; led_cnt[7]~_emulated                   ;
;  Destination node(s) from clock "clk_div[22]"                                                               ; led_cnt[6]~_emulated                   ;
;  Destination node(s) from clock "clk_div[22]"                                                               ; led_cnt[5]~_emulated                   ;
;  Destination node(s) from clock "clk_div[22]"                                                               ; led_cnt[4]~_emulated                   ;
;  Destination node(s) from clock "clk_div[22]"                                                               ; led_cnt[0]~_emulated                   ;
;  Destination node(s) from clock "clk_div[22]"                                                               ; led_cnt[3]~_emulated                   ;
;  Destination node(s) from clock "clk_div[22]"                                                               ; led_cnt[2]~_emulated                   ;
;  Destination node(s) from clock "clk_div[22]"                                                               ; led_cnt[1]~_emulated                   ;
; Rule D101: Data bits are not synchronized when transferred between asynchronous clock domains - Structure 2 ;                                        ;
;  Source node(s) from clock "clk_div[4]"                                                                     ; debounce:debouncers[6].BTTNS|rPB_state ;
;  Destination node(s) from clock "clk_div[22]"                                                               ; led_cnt[9]~_emulated                   ;
;  Destination node(s) from clock "clk_div[22]"                                                               ; led_cnt[8]~_emulated                   ;
;  Destination node(s) from clock "clk_div[22]"                                                               ; led_cnt[7]~_emulated                   ;
;  Destination node(s) from clock "clk_div[22]"                                                               ; led_cnt[6]~_emulated                   ;
;  Destination node(s) from clock "clk_div[22]"                                                               ; led_cnt[5]~_emulated                   ;
;  Destination node(s) from clock "clk_div[22]"                                                               ; led_cnt[4]~_emulated                   ;
;  Destination node(s) from clock "clk_div[22]"                                                               ; led_cnt[0]~_emulated                   ;
;  Destination node(s) from clock "clk_div[22]"                                                               ; led_cnt[3]~_emulated                   ;
;  Destination node(s) from clock "clk_div[22]"                                                               ; led_cnt[2]~_emulated                   ;
;  Destination node(s) from clock "clk_div[22]"                                                               ; led_cnt[1]~_emulated                   ;
; Rule D101: Data bits are not synchronized when transferred between asynchronous clock domains - Structure 3 ;                                        ;
;  Source node(s) from clock "clk_div[4]"                                                                     ; debounce:debouncers[5].BTTNS|rPB_state ;
;  Destination node(s) from clock "clk_div[22]"                                                               ; led_cnt[9]~_emulated                   ;
;  Destination node(s) from clock "clk_div[22]"                                                               ; led_cnt[8]~_emulated                   ;
;  Destination node(s) from clock "clk_div[22]"                                                               ; led_cnt[7]~_emulated                   ;
;  Destination node(s) from clock "clk_div[22]"                                                               ; led_cnt[6]~_emulated                   ;
;  Destination node(s) from clock "clk_div[22]"                                                               ; led_cnt[5]~_emulated                   ;
;  Destination node(s) from clock "clk_div[22]"                                                               ; led_cnt[4]~_emulated                   ;
;  Destination node(s) from clock "clk_div[22]"                                                               ; led_cnt[0]~_emulated                   ;
;  Destination node(s) from clock "clk_div[22]"                                                               ; led_cnt[3]~_emulated                   ;
;  Destination node(s) from clock "clk_div[22]"                                                               ; led_cnt[2]~_emulated                   ;
;  Destination node(s) from clock "clk_div[22]"                                                               ; led_cnt[1]~_emulated                   ;
; Rule D101: Data bits are not synchronized when transferred between asynchronous clock domains - Structure 4 ;                                        ;
;  Source node(s) from clock "clk_div[4]"                                                                     ; debounce:debouncers[3].BTTNS|rPB_state ;
;  Destination node(s) from clock "clk_div[22]"                                                               ; led_cnt[9]~_emulated                   ;
;  Destination node(s) from clock "clk_div[22]"                                                               ; led_cnt[8]~_emulated                   ;
;  Destination node(s) from clock "clk_div[22]"                                                               ; led_cnt[7]~_emulated                   ;
;  Destination node(s) from clock "clk_div[22]"                                                               ; led_cnt[6]~_emulated                   ;
;  Destination node(s) from clock "clk_div[22]"                                                               ; led_cnt[5]~_emulated                   ;
;  Destination node(s) from clock "clk_div[22]"                                                               ; led_cnt[4]~_emulated                   ;
;  Destination node(s) from clock "clk_div[22]"                                                               ; led_cnt[0]~_emulated                   ;
;  Destination node(s) from clock "clk_div[22]"                                                               ; led_cnt[3]~_emulated                   ;
;  Destination node(s) from clock "clk_div[22]"                                                               ; led_cnt[2]~_emulated                   ;
;  Destination node(s) from clock "clk_div[22]"                                                               ; led_cnt[1]~_emulated                   ;
; Rule D101: Data bits are not synchronized when transferred between asynchronous clock domains - Structure 5 ;                                        ;
;  Source node(s) from clock "clk_div[4]"                                                                     ; debounce:debouncers[2].BTTNS|rPB_state ;
;  Destination node(s) from clock "clk_div[22]"                                                               ; led_cnt[9]~_emulated                   ;
;  Destination node(s) from clock "clk_div[22]"                                                               ; led_cnt[8]~_emulated                   ;
;  Destination node(s) from clock "clk_div[22]"                                                               ; led_cnt[7]~_emulated                   ;
;  Destination node(s) from clock "clk_div[22]"                                                               ; led_cnt[6]~_emulated                   ;
;  Destination node(s) from clock "clk_div[22]"                                                               ; led_cnt[4]~_emulated                   ;
;  Destination node(s) from clock "clk_div[22]"                                                               ; led_cnt[3]~_emulated                   ;
;  Destination node(s) from clock "clk_div[22]"                                                               ; led_cnt[2]~_emulated                   ;
;  Destination node(s) from clock "clk_div[22]"                                                               ; led_cnt[1]~_emulated                   ;
+-------------------------------------------------------------------------------------------------------------+----------------------------------------+


+-------------------------------------------------------------------------------------------------------------------------------------------------------------+
; Medium Violations                                                                                                                                           ;
+-------------------------------------------------------------------------------------------------------------+-----------------------------------------------+
; Rule name                                                                                                   ; Name                                          ;
+-------------------------------------------------------------------------------------------------------------+-----------------------------------------------+
; Rule A104: Design should not contain ripple clock structures - Structure 1                                  ;                                               ;
;  Structure 1                                                                                                ; clk_div[4]                                    ;
;  Structure 1                                                                                                ; clksel:selector|Q                             ;
;  Structure 1                                                                                                ; debounce:debouncers[0].BTTNS|rPB_state        ;
; Rule C103: Gated clock does not feed at least a pre-defined number of clock ports to effectively save power ; clksel:selector|OUTCLK                        ;
;  Gated clock destination node(s) list                                                                       ; led_cnt[0]~_emulated                          ;
;  Gated clock destination node(s) list                                                                       ; led_cnt[1]~_emulated                          ;
;  Gated clock destination node(s) list                                                                       ; led_cnt[2]~_emulated                          ;
;  Gated clock destination node(s) list                                                                       ; led_cnt[3]~_emulated                          ;
;  Gated clock destination node(s) list                                                                       ; led_cnt[4]~_emulated                          ;
;  Gated clock destination node(s) list                                                                       ; led_cnt[5]~_emulated                          ;
;  Gated clock destination node(s) list                                                                       ; led_cnt[6]~_emulated                          ;
;  Gated clock destination node(s) list                                                                       ; led_cnt[7]~_emulated                          ;
;  Gated clock destination node(s) list                                                                       ; led_cnt[8]~_emulated                          ;
;  Gated clock destination node(s) list                                                                       ; led_cnt[9]~_emulated                          ;
; Rule C104: Clock signal source should drive only clock input ports                                          ; clk_div[22]                                   ;
;  Clock ports destination node(s) list                                                                       ; act_led[1]                                    ;
;  Clock ports destination node(s) list                                                                       ; act_led[0]                                    ;
;  Non-clock ports destination node(s) list                                                                   ; clk_div[22]~64                                ;
;  Non-clock ports destination node(s) list                                                                   ; clksel:selector|OUTCLK                        ;
; Rule C104: Clock signal source should drive only clock input ports                                          ; clk_div[4]                                    ;
;  Clock ports destination node(s) list                                                                       ; debounce:debouncers[4].BTTNS|rPB_state        ;
;  Clock ports destination node(s) list                                                                       ; debounce:debouncers[4].BTTNS|PB_cnt[3]        ;
;  Clock ports destination node(s) list                                                                       ; debounce:debouncers[4].BTTNS|_dff:dff1|rQ     ;
;  Clock ports destination node(s) list                                                                       ; debounce:debouncers[4].BTTNS|_dffdash:dff0|rQ ;
;  Clock ports destination node(s) list                                                                       ; debounce:debouncers[4].BTTNS|PB_cnt[0]        ;
;  Clock ports destination node(s) list                                                                       ; debounce:debouncers[4].BTTNS|PB_cnt[1]        ;
;  Clock ports destination node(s) list                                                                       ; debounce:debouncers[4].BTTNS|PB_cnt[2]        ;
;  Clock ports destination node(s) list                                                                       ; debounce:debouncers[4].BTTNS|PB_cnt[5]        ;
;  Clock ports destination node(s) list                                                                       ; debounce:debouncers[4].BTTNS|PB_cnt[4]        ;
;  Clock ports destination node(s) list                                                                       ; debounce:debouncers[4].BTTNS|PB_cnt[11]       ;
;  Non-clock ports destination node(s) list                                                                   ; clk_div[4]~29                                 ;
;  Non-clock ports destination node(s) list                                                                   ; clk_div[4]~28                                 ;
; Rule C104: Clock signal source should drive only clock input ports                                          ; debounce:debouncers[0].BTTNS|rPB_state        ;
;  Clock ports destination node(s) list                                                                       ; clksel:selector|Q                             ;
;  Non-clock ports destination node(s) list                                                                   ; debounce:debouncers[0].BTTNS|rPB_state~5      ;
;  Non-clock ports destination node(s) list                                                                   ; debounce:debouncers[0].BTTNS|comb~0           ;
;  Non-clock ports destination node(s) list                                                                   ; debounce:debouncers[0].BTTNS|rPB_state~0      ;
+-------------------------------------------------------------------------------------------------------------+-----------------------------------------------+


+----------------------------------------------------------------------------------------------------------------------+
; Information only Violations                                                                                          ;
+------------------------------------------------------------------+-----------------------------------------+---------+
; Rule name                                                        ; Name                                    ; Fan-Out ;
+------------------------------------------------------------------+-----------------------------------------+---------+
; Rule T101: Nodes with more than the specified number of fan-outs ; clk_div[4]~clkctrl                      ; 132     ;
; Rule T102: Top nodes with the highest number of fan-outs         ; clk_div[4]~clkctrl                      ; 132     ;
; Rule T102: Top nodes with the highest number of fan-outs         ; CLK~inputclkctrl                        ; 23      ;
; Rule T102: Top nodes with the highest number of fan-outs         ; debounce:debouncers[5].BTTNS|comb~0     ; 17      ;
; Rule T102: Top nodes with the highest number of fan-outs         ; debounce:debouncers[3].BTTNS|comb~0     ; 16      ;
; Rule T102: Top nodes with the highest number of fan-outs         ; debounce:debouncers[4].BTTNS|comb~0     ; 16      ;
; Rule T102: Top nodes with the highest number of fan-outs         ; debounce:debouncers[6].BTTNS|comb~0     ; 16      ;
; Rule T102: Top nodes with the highest number of fan-outs         ; debounce:debouncers[2].BTTNS|comb~0     ; 16      ;
; Rule T102: Top nodes with the highest number of fan-outs         ; debounce:debouncers[0].BTTNS|comb~0     ; 16      ;
; Rule T102: Top nodes with the highest number of fan-outs         ; debounce:debouncers[1].BTTNS|comb~0     ; 16      ;
; Rule T102: Top nodes with the highest number of fan-outs         ; debounce:debouncers[3].BTTNS|rPB_state  ; 13      ;
; Rule T102: Top nodes with the highest number of fan-outs         ; debounce:debouncers[2].BTTNS|rPB_state  ; 12      ;
; Rule T102: Top nodes with the highest number of fan-outs         ; led_cnt[0]~1                            ; 11      ;
; Rule T102: Top nodes with the highest number of fan-outs         ; led_cnt[1]~5                            ; 11      ;
; Rule T102: Top nodes with the highest number of fan-outs         ; clksel:selector|OUTCLK~clkctrl          ; 10      ;
; Rule T102: Top nodes with the highest number of fan-outs         ; led_cnt[9]~43                           ; 7       ;
; Rule T102: Top nodes with the highest number of fan-outs         ; led_cnt[8]~40                           ; 7       ;
; Rule T102: Top nodes with the highest number of fan-outs         ; led_cnt[9]~42                           ; 7       ;
; Rule T102: Top nodes with the highest number of fan-outs         ; debounce:debouncers[6].BTTNS|rPB_state  ; 7       ;
; Rule T102: Top nodes with the highest number of fan-outs         ; led_cnt[8]~41                           ; 7       ;
; Rule T102: Top nodes with the highest number of fan-outs         ; debounce:debouncers[5].BTTNS|rPB_state  ; 6       ;
; Rule T102: Top nodes with the highest number of fan-outs         ; led_cnt[1]~6                            ; 5       ;
; Rule T102: Top nodes with the highest number of fan-outs         ; led_cnt[8]~20                           ; 5       ;
; Rule T102: Top nodes with the highest number of fan-outs         ; led_cnt[7]~18                           ; 5       ;
; Rule T102: Top nodes with the highest number of fan-outs         ; led_cnt[6]~16                           ; 5       ;
; Rule T102: Top nodes with the highest number of fan-outs         ; led_cnt[0]~0                            ; 5       ;
; Rule T102: Top nodes with the highest number of fan-outs         ; led_cnt[5]~14                           ; 5       ;
; Rule T102: Top nodes with the highest number of fan-outs         ; led_cnt[4]~12                           ; 5       ;
; Rule T102: Top nodes with the highest number of fan-outs         ; led_cnt[1]~4                            ; 5       ;
; Rule T102: Top nodes with the highest number of fan-outs         ; led_cnt[2]~8                            ; 5       ;
; Rule T102: Top nodes with the highest number of fan-outs         ; debounce:debouncers[4].BTTNS|rPB_state  ; 5       ;
; Rule T102: Top nodes with the highest number of fan-outs         ; led_cnt[3]~10                           ; 5       ;
; Rule T102: Top nodes with the highest number of fan-outs         ; debounce:debouncers[0].BTTNS|rPB_state  ; 4       ;
; Rule T102: Top nodes with the highest number of fan-outs         ; debounce:debouncers[1].BTTNS|rPB_state  ; 4       ;
; Rule T102: Top nodes with the highest number of fan-outs         ; led_cnt[0]~2                            ; 4       ;
; Rule T102: Top nodes with the highest number of fan-outs         ; led_cnt[9]~22                           ; 4       ;
; Rule T102: Top nodes with the highest number of fan-outs         ; clk_div[22]                             ; 3       ;
; Rule T102: Top nodes with the highest number of fan-outs         ; act_led[0]                              ; 3       ;
; Rule T102: Top nodes with the highest number of fan-outs         ; clk_div[4]                              ; 3       ;
; Rule T102: Top nodes with the highest number of fan-outs         ; debounce:debouncers[3].BTTNS|PB_cnt[0]  ; 2       ;
; Rule T102: Top nodes with the highest number of fan-outs         ; debounce:debouncers[4].BTTNS|PB_cnt[11] ; 2       ;
; Rule T102: Top nodes with the highest number of fan-outs         ; debounce:debouncers[6].BTTNS|PB_cnt[4]  ; 2       ;
; Rule T102: Top nodes with the highest number of fan-outs         ; debounce:debouncers[2].BTTNS|PB_cnt[1]  ; 2       ;
; Rule T102: Top nodes with the highest number of fan-outs         ; debounce:debouncers[3].BTTNS|PB_cnt[15] ; 2       ;
; Rule T102: Top nodes with the highest number of fan-outs         ; debounce:debouncers[2].BTTNS|PB_cnt[5]  ; 2       ;
; Rule T102: Top nodes with the highest number of fan-outs         ; debounce:debouncers[2].BTTNS|PB_cnt[2]  ; 2       ;
; Rule T102: Top nodes with the highest number of fan-outs         ; debounce:debouncers[2].BTTNS|PB_cnt[3]  ; 2       ;
; Rule T102: Top nodes with the highest number of fan-outs         ; debounce:debouncers[5].BTTNS|PB_cnt[11] ; 2       ;
; Rule T102: Top nodes with the highest number of fan-outs         ; debounce:debouncers[2].BTTNS|PB_cnt[4]  ; 2       ;
; Rule T102: Top nodes with the highest number of fan-outs         ; debounce:debouncers[5].BTTNS|PB_cnt[5]  ; 2       ;
; Rule T102: Top nodes with the highest number of fan-outs         ; debounce:debouncers[2].BTTNS|PB_cnt[7]  ; 2       ;
+------------------------------------------------------------------+-----------------------------------------+---------+


+---------------------------+
; Design Assistant Messages ;
+---------------------------+
Info: *******************************************************************
Info: Running Quartus Prime Design Assistant
    Info: Version 18.1.0 Build 625 09/12/2018 SJ Lite Edition
    Info: Processing started: Mon Nov 04 15:03:40 2019
Info: Command: quartus_drc counter -c counter
Warning (18236): Number of processors has not been specified which may cause overloading on shared machines.  Set the global assignment NUM_PARALLEL_PROCESSORS in your QSF to an appropriate value for best performance.
Warning (335093): The Timing Analyzer is analyzing 2 combinational loops as latches. For more details, run the Check Timing command in the Timing Analyzer or view the "User-Specified and Inferred Latches" table in the Analysis & Synthesis report.
Critical Warning (332012): Synopsys Design Constraints File file not found: 'counter.sdc'. A Synopsys Design Constraints File is required by the Timing Analyzer to get proper timing constraints. Without it, the Compiler will not properly optimize the design.
Info (332144): No user constrained base clocks found in the design
Info (332143): No user constrained clock uncertainty found in the design. Calling "derive_clock_uncertainty"
Info (332123): Deriving Clock Uncertainty. Please refer to report_sdc in the Timing Analyzer to see clock uncertainties.
Critical Warning (308019): (Critical) Rule C101: Gated clock should be implemented according to the Intel FPGA standard scheme. Found 1 node(s) related to this rule.
    Critical Warning (308012): Node  "clksel:selector|OUTCLK" File: C:/Users/bachv/dev/counter_IV/clksel.v Line: 4
Critical Warning (308055): (High) Rule A108: Design should not contain latches. Found 2 latch(es) related to this rule.
    Critical Warning (308012): Node  "led_cnt[1]~5" File: C:/Users/bachv/dev/counter_IV/counter.v Line: 71
    Critical Warning (308012): Node  "led_cnt[0]~1" File: C:/Users/bachv/dev/counter_IV/counter.v Line: 71
Critical Warning (308024): (High) Rule R101: Combinational logic used as a reset signal should be synchronized. Found 2 node(s) related to this rule.
    Critical Warning (308012): Node  "led_cnt[0]~0" File: C:/Users/bachv/dev/counter_IV/counter.v Line: 71
    Critical Warning (308012): Node  "led_cnt[1]~4" File: C:/Users/bachv/dev/counter_IV/counter.v Line: 71
Critical Warning (308060): (High) Rule D101: Data bits are not synchronized when transferred between asynchronous clock domains. (Value defined:2). Found 5 asynchronous clock domain interface structure(s) related to this rule.
    Critical Warning (308012): Node  "debounce:debouncers[4].BTTNS|rPB_state" File: C:/Users/bachv/dev/counter_IV/debounce.v Line: 32
    Critical Warning (308012): Node  "debounce:debouncers[6].BTTNS|rPB_state" File: C:/Users/bachv/dev/counter_IV/debounce.v Line: 32
    Critical Warning (308012): Node  "debounce:debouncers[5].BTTNS|rPB_state" File: C:/Users/bachv/dev/counter_IV/debounce.v Line: 32
    Critical Warning (308012): Node  "debounce:debouncers[3].BTTNS|rPB_state" File: C:/Users/bachv/dev/counter_IV/debounce.v Line: 32
    Critical Warning (308012): Node  "debounce:debouncers[2].BTTNS|rPB_state" File: C:/Users/bachv/dev/counter_IV/debounce.v Line: 32
Warning (308020): (Medium) Rule A104: Design should not contain ripple clock structures. Found 1 ripple clock structure(s) related to this rule.
    Warning (308010): Node  "clk_div[4]" File: C:/Users/bachv/dev/counter_IV/counter.v Line: 55
Warning (308017): (Medium) Rule C103: Gated clock does not feed at least a pre-defined number of clock ports to effectively save power. (Value defined:30). Found 1 node(s) related to this rule.
    Warning (308010): Node  "clksel:selector|OUTCLK" File: C:/Users/bachv/dev/counter_IV/clksel.v Line: 4
Warning (308040): (Medium) Rule C104: Clock signal source should drive only clock input ports. Found 3 nodes related to this rule.
    Warning (308010): Node  "clk_div[22]" File: C:/Users/bachv/dev/counter_IV/counter.v Line: 55
    Warning (308010): Node  "clk_div[4]" File: C:/Users/bachv/dev/counter_IV/counter.v Line: 55
    Warning (308010): Node  "debounce:debouncers[0].BTTNS|rPB_state" File: C:/Users/bachv/dev/counter_IV/debounce.v Line: 32
Info (308046): (Information) Rule T101: Nodes with more than the specified number of fan-outs. (Value defined:30). Found 1 node(s) with highest fan-out.
    Info (308011): Node  "clk_div[4]~clkctrl" File: C:/Users/bachv/dev/counter_IV/counter.v Line: 55
Info (308044): (Information) Rule T102: Top nodes with the highest number of fan-outs. (Value defined:50). Found 50 node(s) with highest fan-out.
    Info (308011): Node  "clk_div[4]~clkctrl" File: C:/Users/bachv/dev/counter_IV/counter.v Line: 55
    Info (308011): Node  "CLK~inputclkctrl" File: C:/Users/bachv/dev/counter_IV/counter.v Line: 2
    Info (308011): Node  "debounce:debouncers[5].BTTNS|comb~0"
    Info (308011): Node  "debounce:debouncers[3].BTTNS|comb~0"
    Info (308011): Node  "debounce:debouncers[4].BTTNS|comb~0"
    Info (308011): Node  "debounce:debouncers[6].BTTNS|comb~0"
    Info (308011): Node  "debounce:debouncers[2].BTTNS|comb~0"
    Info (308011): Node  "debounce:debouncers[0].BTTNS|comb~0"
    Info (308011): Node  "debounce:debouncers[1].BTTNS|comb~0"
    Info (308011): Node  "debounce:debouncers[3].BTTNS|rPB_state" File: C:/Users/bachv/dev/counter_IV/debounce.v Line: 32
    Info (308011): Node  "debounce:debouncers[2].BTTNS|rPB_state" File: C:/Users/bachv/dev/counter_IV/debounce.v Line: 32
    Info (308011): Node  "led_cnt[0]~1" File: C:/Users/bachv/dev/counter_IV/counter.v Line: 71
    Info (308011): Node  "led_cnt[1]~5" File: C:/Users/bachv/dev/counter_IV/counter.v Line: 71
    Info (308011): Node  "clksel:selector|OUTCLK~clkctrl" File: C:/Users/bachv/dev/counter_IV/clksel.v Line: 4
    Info (308011): Node  "led_cnt[9]~43" File: C:/Users/bachv/dev/counter_IV/counter.v Line: 71
    Info (308011): Node  "led_cnt[8]~40" File: C:/Users/bachv/dev/counter_IV/counter.v Line: 71
    Info (308011): Node  "led_cnt[9]~42" File: C:/Users/bachv/dev/counter_IV/counter.v Line: 71
    Info (308011): Node  "debounce:debouncers[6].BTTNS|rPB_state" File: C:/Users/bachv/dev/counter_IV/debounce.v Line: 32
    Info (308011): Node  "led_cnt[8]~41" File: C:/Users/bachv/dev/counter_IV/counter.v Line: 71
    Info (308011): Node  "debounce:debouncers[5].BTTNS|rPB_state" File: C:/Users/bachv/dev/counter_IV/debounce.v Line: 32
    Info (308011): Node  "led_cnt[1]~6" File: C:/Users/bachv/dev/counter_IV/counter.v Line: 71
    Info (308011): Node  "led_cnt[8]~20" File: C:/Users/bachv/dev/counter_IV/counter.v Line: 71
    Info (308011): Node  "led_cnt[7]~18" File: C:/Users/bachv/dev/counter_IV/counter.v Line: 71
    Info (308011): Node  "led_cnt[6]~16" File: C:/Users/bachv/dev/counter_IV/counter.v Line: 71
    Info (308011): Node  "led_cnt[0]~0" File: C:/Users/bachv/dev/counter_IV/counter.v Line: 71
    Info (308011): Node  "led_cnt[5]~14" File: C:/Users/bachv/dev/counter_IV/counter.v Line: 71
    Info (308011): Node  "led_cnt[4]~12" File: C:/Users/bachv/dev/counter_IV/counter.v Line: 71
    Info (308011): Node  "led_cnt[1]~4" File: C:/Users/bachv/dev/counter_IV/counter.v Line: 71
    Info (308011): Node  "led_cnt[2]~8" File: C:/Users/bachv/dev/counter_IV/counter.v Line: 71
    Info (308011): Node  "debounce:debouncers[4].BTTNS|rPB_state" File: C:/Users/bachv/dev/counter_IV/debounce.v Line: 32
    Info (308002): Truncated list of Design Assistant messages to 30 messages. Go to sections under Design Assistant section of Compilation Report for complete lists of Design Assistant messages generated.
Info (308007): Design Assistant information: finished post-fitting analysis of current design -- generated 51 information messages and 15 warning messages
Info: Quartus Prime Design Assistant was successful. 0 errors, 25 warnings
    Info: Peak virtual memory: 4637 megabytes
    Info: Processing ended: Mon Nov 04 15:03:42 2019
    Info: Elapsed time: 00:00:02
    Info: Total CPU time (on all processors): 00:00:01


