0000:              .equ     cin, 0x0032
0000:              .equ     cout, 0x0030
0000:              .equ     phex, 0x0034
0000:              .equ     phex16, 0x0036
0000:              .equ     nl, 0x0048
                   
2000:              .org     0x2000
                   
                   main:
2000: 7F 00                 mov     r7, #0
                            
                   next:
2002: EF                    mov     a, r7
2003: 12 00 34              lcall   phex
                            
2006: 74 20                 mov     a, #' '
2008: 12 00 30              lcall   cout
                            
200B: EF                    mov     a, r7
200C: 11 2D                 acall   genc
200E: 12 00 34              lcall   phex
                            
2011: FE                    mov     r6, a
                            
2012: 74 20                 mov     a, #' '
2014: 12 00 30              lcall   cout
                            
2017: EE                    mov     a, r6
2018: 11 32                 acall   gdec
201A: 12 00 34              lcall   phex
                            
201D: 12 00 48              lcall   nl
                            
2020: 0F                    inc     r7
2021: BF 00 DE              cjne    r7, #0, next
                            
2024: 12 00 32              lcall   cin
                            
2027: 43 87 02              orl     pcon, #2
                   ; not reached
202A: 02 00 00              ljmp    0x0000
                            
                   ;--------
                   genc:
202D: F8                    mov     r0, a
202E: C3                    clr     c
202F: 13                    rrc     a
2030: 68                    xrl     a, r0
2031: 22                    ret
                   ;--------
                   
                   ;--------
                   gdec:
2032: F8                    mov     r0, a
                   gdec_shift_xor:
2033: C3                    clr     c
2034: 13                    rrc     a
2035: 60 05                 jz      gdec_out
2037: C8                    xch     a, r0
2038: 68                    xrl     a, r0
2039: C8                    xch     a, r0
203A: 80 F7                 sjmp    gdec_shift_xor
                   gdec_out:
203C: C8                    xch     a, r0
203D: 22                    ret
                   ;--------
                   
