0000:              .equ     cin, 0x0036
0000:              .equ     phex16, 0x0045
0000:              .equ     crlf, 0x0057
0000:              .equ     icrc16, 0x0069
0000:              .equ     ucrc16, 0x006c
0000:              .equ     fcrc16, 0x006f
                   
0000:              .equ     initial_l, 0xff
0000:              .equ     initial_h, 0xff
0000:              .equ     final_l, 0x00
0000:              .equ     final_h, 0x00
0000:              .equ     poly_l, 0x21
0000:              .equ     poly_h, 0x10
                   
2000:              .org     0x2000
                   
                   calc_crc16:
2000: 7E FF                 mov     r6, #initial_l
2002: 7F FF                 mov     r7, #initial_h
2004: 12 00 69              lcall   icrc16
                            
2007: 90 00 00              mov     dptr, #0x0000
200A: 7E 21                 mov     r6, #poly_l
200C: 7F 10                 mov     r7, #poly_h
                   next_byte:
200E: E0                    movx    a, @dptr        
200F: 12 00 6C              lcall   ucrc16
2012: A3                    inc     dptr
2013: E5 83                 mov     a, dph
2015: B4 20 F6              cjne    a, #0x20, next_byte
                            
2018: 7E 00                 mov     r6, #final_l
201A: 7F 00                 mov     r7, #final_h
201C: 12 00 6F              lcall   fcrc16
                            
201F: 8A 82                 mov     dpl, r2
2021: 8B 83                 mov     dph, r3
2023: 12 00 45              lcall   phex16
2026: 12 00 57              lcall   crlf
2029: 12 00 36              lcall   cin
202C: 43 87 02              orl     pcon, #2
202F: 02 00 00              ljmp    0x0000
                   
