0000:              .equ     cin, 0x0032
0000:              .equ     cout, 0x0030
0000:              .equ     phex, 0x0034
0000:              .equ     phex16, 0x0036
0000:              .equ     nl, 0x0048
                   
4000:              .org     0x4000
                   
                   test:
                   ;--------------------------------
4000: C2 91                 clr     p1.1
4002: 78 55                 mov     r0, #0x55
4004: 79 40                 mov     r1, #0x40
4006: 7E 00                 mov     r6, #0x00
4008: 7F 20                 mov     r7, #0x20
400A: 11 38                 acall   test_page
400C: 78 AA                 mov     r0, #0xaa
400E: 79 40                 mov     r1, #0x40
4010: 7E 00                 mov     r6, #0x00
4012: 7F 20                 mov     r7, #0x20
4014: 11 38                 acall   test_page
4016: D2 91                 setb    p1.1
4018: 78 55                 mov     r0, #0x55
401A: 79 40                 mov     r1, #0x40
401C: 7E 00                 mov     r6, #0x00
401E: 7F 20                 mov     r7, #0x20
4020: 11 38                 acall   test_page
4022: 78 AA                 mov     r0, #0xaa
4024: 79 40                 mov     r1, #0x40
4026: 7E 00                 mov     r6, #0x00
4028: 7F 20                 mov     r7, #0x20
402A: 11 38                 acall   test_page
402C: 12 00 48              lcall   nl
402F: 12 00 32              lcall   cin
                   ;--------------------------------
4032: 43 87 02              orl     pcon, #2
4035: 02 00 00              ljmp    0x0000
                   
                   ;--------
                   ; r0 = fill byte; r1 = final dph; r6 = dpl; r7 = dph
                   test_page:
4038: 8E 82                 mov     dpl, r6
403A: 8F 83                 mov     dph, r7
403C: 11 45                 acall   fill
403E: 8E 82                 mov     dpl, r6
4040: 8F 83                 mov     dph, r7
4042: 11 4E                 acall   dump
4044: 22                    ret
                   ;--------
                            
                   ;--------
                   fill:
4045: E8                    mov     a, r0
4046: F0                    movx    @dptr, a
4047: A3                    inc     dptr
4048: E5 83                 mov     a, dph
404A: 69                    xrl     a, r1
404B: 70 F8                 jnz     fill
404D: 22                    ret
                   ;--------
                   
                   ;--------
                   dump:
404E: 12 00 36              lcall   phex16
4051: 74 20                 mov     a, #' '
4053: 12 00 30              lcall   cout    
                   dumpb:
4056: E0                    movx    a, @dptr
4057: 12 00 34              lcall   phex
405A: A3                    inc     dptr
405B: E5 82                 mov     a, dpl
405D: 54 1F                 anl     a, #0x1f
405F: 70 05                 jnz     print_sp
4061: 12 00 48              lcall   nl
4064: 80 07                 sjmp    next
                   print_sp:
4066: 74 20                 mov     a, #' '
4068: 12 00 30              lcall   cout
406B: 80 E9                 sjmp    dumpb
                   next:
406D: E5 83                 mov     a, dph
406F: 69                    xrl     a, r1
4070: 70 DC                 jnz     dump
4072: 22                    ret
                   ;--------
                   
